<?xml version="1.0" encoding="UTF-8"?>
<!-- Generated by org.testng.reporters.JUnitReportReporter -->
<testsuite hostname="Shefali.local" name="myPackage.Basics" tests="1" failures="0" timestamp="16 Mar 2015 02:36:23 GMT" time="0.009" errors="0">
  <testcase name="s6" time="0.009" classname="myPackage.Basics"/>
</testsuite> <!-- myPackage.Basics -->
